build/app/outputs/mapping/release/mapping.txt
# compiler: R8
# compiler_version: 1.5.64
# min_api: 21
# pg_map_id: c1c3cad
...
io.grpc.internal.InternalSubchannel$1 -> c.b.n1.w0$a:
    io.grpc.internal.InternalSubchannel this$0 -> b
    void handleInUse() -> a
    void handleNotInUse() -> b
io.grpc.internal.InternalSubchannel$1EndOfCurrentBackoff -> c.b.n1.w0$b:
    io.grpc.internal.InternalSubchannel this$0 -> a
io.grpc.internal.InternalSubchannel$2 -> c.b.n1.w0$c:
    io.grpc.ConnectivityStateInfo val$newState -> a
    io.grpc.internal.InternalSubchannel this$0 -> b
io.grpc.internal.InternalSubchannel$3 -> c.b.n1.w0$d:
    io.grpc.internal.InternalSubchannel this$0 -> a
io.grpc.internal.InternalSubchannel$4 -> c.b.n1.w0$e:
    io.grpc.internal.ConnectionClientTransport val$transport -> a
    boolean val$inUse -> b
    io.grpc.internal.InternalSubchannel this$0 -> c
io.grpc.internal.InternalSubchannel$CallTracingTransport -> c.b.n1.w0$f:
    io.grpc.internal.ConnectionClientTransport delegate -> a
    io.grpc.internal.CallTracer callTracer -> b
    io.grpc.internal.CallTracer access$2300(io.grpc.internal.InternalSubchannel$CallTracingTransport) -> a
    io.grpc.internal.ClientStream newStream(io.grpc.MethodDescriptor,io.grpc.Metadata,io.grpc.CallOptions) -> a
    io.grpc.internal.ConnectionClientTransport delegate() -> b
io.grpc.internal.InternalSubchannel$CallTracingTransport$1 -> c.b.n1.w0$f$a:
    io.grpc.internal.ClientStream val$streamDelegate -> a
    io.grpc.internal.InternalSubchannel$CallTracingTransport this$0 -> b
    void start(io.grpc.internal.ClientStreamListener) -> a
    io.grpc.internal.ClientStream delegate() -> b
io.grpc.internal.InternalSubchannel$CallTracingTransport$1$1 -> c.b.n1.w0$f$a$a:
    io.grpc.internal.InternalSubchannel$CallTracingTransport$1 this$1 -> b
    io.grpc.internal.ClientStreamListener val$listener -> a
    void closed(io.grpc.Status,io.grpc.Metadata) -> a
    void closed(io.grpc.Status,io.grpc.internal.ClientStreamListener$RpcProgress,io.grpc.Metadata) -> a
    io.grpc.internal.ClientStreamListener delegate() -> b
io.grpc.internal.InternalSubchannel$Callback -> c.b.n1.w0$g:
    void onInUse(io.grpc.internal.InternalSubchannel) -> a
    void onStateChange(io.grpc.internal.InternalSubchannel,io.grpc.ConnectivityStateInfo) -> a
    void onNotInUse(io.grpc.internal.InternalSubchannel) -> b
    void onTerminated(io.grpc.internal.InternalSubchannel) -> c
io.grpc.internal.InternalSubchannel$Index -> c.b.n1.w0$h:
    java.util.List addressGroups -> a
    int groupIndex -> b
    int addressIndex -> c
    java.net.SocketAddress getCurrentAddress() -> a
    boolean seekTo(java.net.SocketAddress) -> a
    void updateGroups(java.util.List) -> a
    io.grpc.Attributes getCurrentEagAttributes() -> b
    java.util.List getGroups() -> c
    void increment() -> d
    boolean isAtBeginning() -> e
    boolean isValid() -> f
    void reset() -> g
io.grpc.internal.InternalSubchannel$TransportListener -> c.b.n1.w0$i:
    io.grpc.internal.ConnectionClientTransport transport -> a
    io.grpc.internal.InternalSubchannel this$0 -> b
    void transportInUse(boolean) -> a
    void transportShutdown(io.grpc.Status) -> a
    void transportTerminated() -> a
    void transportReady() -> b
io.grpc.internal.InternalSubchannel$TransportLogger -> c.b.n1.w0$j:
    io.grpc.InternalLogId logId -> a
    void log(io.grpc.ChannelLogger$ChannelLogLevel,java.lang.String) -> a
    void log(io.grpc.ChannelLogger$ChannelLogLevel,java.lang.String,java.lang.Object[]) -> a
io.grpc.internal.IoUtils -> c.b.n1.x0:
    long copy(java.io.InputStream,java.io.OutputStream) -> a
    byte[] toByteArray(java.io.InputStream) -> a
io.grpc.internal.JsonParser -> c.b.n1.y0:
    java.util.logging.Logger logger -> a
    java.lang.Object parse(java.lang.String) -> a
    java.util.List parseJsonArray(com.google.gson.stream.JsonReader) -> a
    java.lang.Void parseJsonNull(com.google.gson.stream.JsonReader) -> b
    java.util.Map parseJsonObject(com.google.gson.stream.JsonReader) -> c
    java.lang.Object parseRecursive(com.google.gson.stream.JsonReader) -> d